<?xml version="1.0" encoding="UTF-8"?>
<testng-results ignored="0" total="1" passed="1" failed="0" skipped="0">
  <reporter-output>
  </reporter-output>
  <suite started-at="2024-02-07T15:59:55 IST" name="Default suite" finished-at="2024-02-07T15:59:55 IST" duration-ms="73">
    <groups>
    </groups>
    <test started-at="2024-02-07T15:59:55 IST" name="Default test" finished-at="2024-02-07T15:59:55 IST" duration-ms="73">
      <class name="dec23.Demo">
        <test-method signature="main()[pri:0, instance:dec23.Demo@6bedbc4d]" started-at="2024-02-07T15:59:55 IST" name="main" finished-at="2024-02-07T15:59:55 IST" duration-ms="11" status="PASS">
          <reporter-output>
          </reporter-output>
        </test-method> <!-- main -->
      </class> <!-- dec23.Demo -->
    </test> <!-- Default test -->
  </suite> <!-- Default suite -->
</testng-results>
