<?xml version="1.0" encoding="UTF-8"?>
<testng-results ignored="0" total="1" passed="1" failed="0" skipped="0">
  <reporter-output>
    <line>
      <![CDATA[Login Success]]>
    </line>
    <line>
      <![CDATA[Login Unsuccess]]>
    </line>
    <line>
      <![CDATA[Login Unsuccess]]>
    </line>
    <line>
      <![CDATA[Login Unsuccess]]>
    </line>
  </reporter-output>
  <suite started-at="2024-01-30T12:40:22 IST" name="Default suite" finished-at="2024-01-30T12:40:35 IST" duration-ms="12960">
    <groups>
    </groups>
    <test started-at="2024-01-30T12:40:22 IST" name="Default test" finished-at="2024-01-30T12:40:35 IST" duration-ms="12960">
      <class name="dec28.LoginPracticeExcel">
        <test-method is-config="true" signature="setUp()[pri:0, instance:dec28.LoginPracticeExcel@47987356]" started-at="2024-01-30T12:40:22 IST" name="setUp" finished-at="2024-01-30T12:40:25 IST" duration-ms="3091" status="PASS">
          <reporter-output>
          </reporter-output>
        </test-method> <!-- setUp -->
        <test-method signature="login()[pri:0, instance:dec28.LoginPracticeExcel@47987356]" started-at="2024-01-30T12:40:25 IST" name="login" finished-at="2024-01-30T12:40:34 IST" duration-ms="9169" status="PASS">
          <reporter-output>
            <line>
              <![CDATA[Login Success]]>
            </line>
            <line>
              <![CDATA[Login Unsuccess]]>
            </line>
            <line>
              <![CDATA[Login Unsuccess]]>
            </line>
            <line>
              <![CDATA[Login Unsuccess]]>
            </line>
          </reporter-output>
        </test-method> <!-- login -->
        <test-method is-config="true" signature="tearDown()[pri:0, instance:dec28.LoginPracticeExcel@47987356]" started-at="2024-01-30T12:40:35 IST" name="tearDown" finished-at="2024-01-30T12:40:35 IST" duration-ms="609" status="PASS">
          <reporter-output>
          </reporter-output>
        </test-method> <!-- tearDown -->
      </class> <!-- dec28.LoginPracticeExcel -->
    </test> <!-- Default test -->
  </suite> <!-- Default suite -->
</testng-results>
